<?xml version="1.0" encoding="UTF-8"?>
<!-- Generated by org.testng.reporters.JUnitReportReporter -->
<testsuite skipped="0" hostname="BR902-MJ057AJ0" name="transfers.MonetaryTransfers" tests="2" failures="0" timestamp="2019-12-19T15:10:45 EST" time="58.057" errors="0">
  <testcase name="transferChktoChkChrome" time="29.252" classname="transfers.MonetaryTransfers"/>
  <testcase name="transferSvgtoSvgChrome" time="28.805" classname="transfers.MonetaryTransfers"/>
</testsuite> <!-- transfers.MonetaryTransfers -->
