<?xml version="1.0" encoding="UTF-8"?>
<!-- Generated by org.testng.reporters.JUnitReportReporter -->
<testsuite skipped="0" hostname="BR902-MJ057AJ0" name="transfers.TransfersTest1" tests="1" failures="0" timestamp="2019-10-11T11:30:10 EDT" time="30.014" errors="0">
  <testcase name="ChkToChkChrome" time="30.014" classname="transfers.TransfersTest1"/>
</testsuite> <!-- transfers.TransfersTest1 -->
