<?xml version="1.0" encoding="UTF-8"?>
<!-- Generated by org.testng.reporters.JUnitReportReporter -->
<testsuite skipped="0" hostname="BR902-MJ057AJ0" name="logIn.ValidCredentials" tests="1" failures="0" timestamp="2019-12-19T16:05:58 EST" time="112.277" errors="0">
  <testcase name="ValidCredentialsFirefoxLogIn" time="112.277" classname="logIn.ValidCredentials"/>
</testsuite> <!-- logIn.ValidCredentials -->
